生成启动时间为 2020/3/9 11:08:09。
     1>项目“D:\Documents\Visual Studio 2013\Projects\项目相关\ConcurrentMemoryPool\ConcurrentMemoryPool\ConcurrentMemoryPool.vcxproj”在节点 2 上(Build 个目标)。
     1>ClCompile:
         E:\AE\VC\bin\CL.exe /c /Zi /nologo /W3 /WX- /sdl /O2 /Oi /Oy- /GL /D _MBCS /Gm- /EHsc /MD /GS /Gy /fp:precise /Zc:wchar_t /Zc:forScope /Fo"Release\\" /Fd"Release\vc120.pdb" /Gd /TP /analyze- /errorReport:prompt CentralCache.cpp PageCache.cpp test.cpp ThreadCache.cpp Unit.cpp
         CentralCache.cpp
         PageCache.cpp
     1>PageCache.cpp(46): warning C4018: “<”: 有符号/无符号不匹配
     1>PageCache.cpp(70): warning C4018: “<”: 有符号/无符号不匹配
     1>PageCache.cpp(107): warning C4018: “<”: 有符号/无符号不匹配
     1>PageCache.cpp(134): warning C4018: “<”: 有符号/无符号不匹配
         test.cpp
         ThreadCache.cpp
         Unit.cpp
       Link:
         E:\AE\VC\bin\link.exe /ERRORREPORT:PROMPT /OUT:"D:\Documents\Visual Studio 2013\Projects\项目相关\ConcurrentMemoryPool\Release\ConcurrentMemoryPool.exe" /NOLOGO kernel32.lib user32.lib gdi32.lib winspool.lib comdlg32.lib advapi32.lib shell32.lib ole32.lib oleaut32.lib uuid.lib odbc32.lib odbccp32.lib /MANIFEST /MANIFESTUAC:"level='asInvoker' uiAccess='false'" /manifest:embed /DEBUG /PDB:"D:\Documents\Visual Studio 2013\Projects\项目相关\ConcurrentMemoryPool\Release\ConcurrentMemoryPool.pdb" /OPT:REF /OPT:ICF /LTCG /TLBID:1 /DYNAMICBASE /NXCOMPAT /IMPLIB:"D:\Documents\Visual Studio 2013\Projects\项目相关\ConcurrentMemoryPool\Release\ConcurrentMemoryPool.lib" /MACHINE:X86 /SAFESEH Release\CentralCache.obj
         Release\PageCache.obj
         Release\test.obj
         Release\ThreadCache.obj
         Release\Unit.obj
         正在生成代码
         已完成代码的生成
         ConcurrentMemoryPool.vcxproj -> D:\Documents\Visual Studio 2013\Projects\项目相关\ConcurrentMemoryPool\Release\ConcurrentMemoryPool.exe
     1>已完成生成项目“D:\Documents\Visual Studio 2013\Projects\项目相关\ConcurrentMemoryPool\ConcurrentMemoryPool\ConcurrentMemoryPool.vcxproj”(Build 个目标)的操作。

生成成功。

已用时间 00:00:26.79
